Started at Thu Jun 16 11:21:28 IST 2022
Processing DescriptivePipelineWithJenkinsFile
Offering DescriptivePipelineWithJenkinsFile to Project Build Discarder
Processing GameOfLifeDeploymentOnTomcat
Offering GameOfLifeDeploymentOnTomcat to Project Build Discarder
Processing GameOfLifeDeploymentPipeline
Offering GameOfLifeDeploymentPipeline to Project Build Discarder
Processing HI_Jenkins
Offering HI_Jenkins to Project Build Discarder
Processing Pipeline
Offering Pipeline to Project Build Discarder
Processing ScriptivePipelineWithJenkinsFile
Offering ScriptivePipelineWithJenkinsFile to Project Build Discarder
Processing TestNgParameterized
Offering TestNgParameterized to Project Build Discarder
Processing TestNGPipeline
Offering TestNGPipeline to Project Build Discarder
Processing TestNGPipelineProfile
Offering TestNGPipelineProfile to Project Build Discarder
Processing TestPipeline
Offering TestPipeline to Project Build Discarder
Processing BlueOceanJenkinsMultiBranch/main
Offering BlueOceanJenkinsMultiBranch/main to Project Build Discarder
Processing BlueOceanJenkinsMultiBranch/newBranch
Offering BlueOceanJenkinsMultiBranch/newBranch to Project Build Discarder
Processing BlueOceanJenkinsMultiBranch/newBranch1
Offering BlueOceanJenkinsMultiBranch/newBranch1 to Project Build Discarder
Finished at Thu Jun 16 11:21:28 IST 2022. 53ms
Started at Thu Jun 16 11:21:29 IST 2022
Processing DescriptivePipelineWithJenkinsFile
Offering DescriptivePipelineWithJenkinsFile to Project Build Discarder
Processing GameOfLifeDeploymentOnTomcat
Offering GameOfLifeDeploymentOnTomcat to Project Build Discarder
Processing GameOfLifeDeploymentPipeline
Offering GameOfLifeDeploymentPipeline to Project Build Discarder
Processing HI_Jenkins
Offering HI_Jenkins to Project Build Discarder
Processing Pipeline
Offering Pipeline to Project Build Discarder
Processing ScriptivePipelineWithJenkinsFile
Offering ScriptivePipelineWithJenkinsFile to Project Build Discarder
Processing TestNgParameterized
Offering TestNgParameterized to Project Build Discarder
Processing TestNGPipeline
Offering TestNGPipeline to Project Build Discarder
Processing TestNGPipelineProfile
Offering TestNGPipelineProfile to Project Build Discarder
Processing TestPipeline
Offering TestPipeline to Project Build Discarder
Processing BlueOceanJenkinsMultiBranch/main
Offering BlueOceanJenkinsMultiBranch/main to Project Build Discarder
Processing BlueOceanJenkinsMultiBranch/newBranch
Offering BlueOceanJenkinsMultiBranch/newBranch to Project Build Discarder
Processing BlueOceanJenkinsMultiBranch/newBranch1
Offering BlueOceanJenkinsMultiBranch/newBranch1 to Project Build Discarder
Finished at Thu Jun 16 11:21:29 IST 2022. 2ms
Started at Thu Jun 16 12:03:09 IST 2022
Processing DescriptivePipelineWithJenkinsFile
Offering DescriptivePipelineWithJenkinsFile to Project Build Discarder
Processing GameOfLifeDeploymentOnTomcat
Offering GameOfLifeDeploymentOnTomcat to Project Build Discarder
Processing GameOfLifeDeploymentPipeline
Offering GameOfLifeDeploymentPipeline to Project Build Discarder
Processing HI_Jenkins
Offering HI_Jenkins to Project Build Discarder
Processing Pipeline
Offering Pipeline to Project Build Discarder
Processing ScriptivePipelineWithJenkinsFile
Offering ScriptivePipelineWithJenkinsFile to Project Build Discarder
Processing TestNgParameterized
Offering TestNgParameterized to Project Build Discarder
Processing TestNGPipeline
Offering TestNGPipeline to Project Build Discarder
Processing TestNGPipelineProfile
Offering TestNGPipelineProfile to Project Build Discarder
Processing TestPipeline
Offering TestPipeline to Project Build Discarder
Processing BlueOceanJenkinsMultiBranch/main
Offering BlueOceanJenkinsMultiBranch/main to Project Build Discarder
Processing BlueOceanJenkinsMultiBranch/newBranch
Offering BlueOceanJenkinsMultiBranch/newBranch to Project Build Discarder
Processing BlueOceanJenkinsMultiBranch/newBranch1
Offering BlueOceanJenkinsMultiBranch/newBranch1 to Project Build Discarder
Finished at Thu Jun 16 12:03:09 IST 2022. 1ms
Started at Thu Jun 16 12:51:03 IST 2022
Processing DescriptivePipelineWithJenkinsFile
Offering DescriptivePipelineWithJenkinsFile to Project Build Discarder
Processing GameOfLifeDeploymentOnTomcat
Offering GameOfLifeDeploymentOnTomcat to Project Build Discarder
Processing GameOfLifeDeploymentPipeline
Offering GameOfLifeDeploymentPipeline to Project Build Discarder
Processing HI_Jenkins
Offering HI_Jenkins to Project Build Discarder
Processing Pipeline
Offering Pipeline to Project Build Discarder
Processing ScriptivePipelineWithJenkinsFile
Offering ScriptivePipelineWithJenkinsFile to Project Build Discarder
Processing TestNgParameterized
Offering TestNgParameterized to Project Build Discarder
Processing TestNGPipeline
Offering TestNGPipeline to Project Build Discarder
Processing TestNGPipelineProfile
Offering TestNGPipelineProfile to Project Build Discarder
Processing TestPipeline
Offering TestPipeline to Project Build Discarder
Processing BlueOceanJenkinsMultiBranch/main
Offering BlueOceanJenkinsMultiBranch/main to Project Build Discarder
Processing BlueOceanJenkinsMultiBranch/newBranch
Offering BlueOceanJenkinsMultiBranch/newBranch to Project Build Discarder
Processing BlueOceanJenkinsMultiBranch/newBranch1
Offering BlueOceanJenkinsMultiBranch/newBranch1 to Project Build Discarder
Finished at Thu Jun 16 12:51:03 IST 2022. 2ms
Started at Thu Jun 16 13:51:03 IST 2022
Processing DescriptivePipelineWithJenkinsFile
Offering DescriptivePipelineWithJenkinsFile to Project Build Discarder
Processing GameOfLifeDeploymentOnTomcat
Offering GameOfLifeDeploymentOnTomcat to Project Build Discarder
Processing GameOfLifeDeploymentPipeline
Offering GameOfLifeDeploymentPipeline to Project Build Discarder
Processing HI_Jenkins
Offering HI_Jenkins to Project Build Discarder
Processing Pipeline
Offering Pipeline to Project Build Discarder
Processing ScriptivePipelineWithJenkinsFile
Offering ScriptivePipelineWithJenkinsFile to Project Build Discarder
Processing TestNgParameterized
Offering TestNgParameterized to Project Build Discarder
Processing TestNGPipeline
Offering TestNGPipeline to Project Build Discarder
Processing TestNGPipelineProfile
Offering TestNGPipelineProfile to Project Build Discarder
Processing TestPipeline
Offering TestPipeline to Project Build Discarder
Processing BlueOceanJenkinsMultiBranch/main
Offering BlueOceanJenkinsMultiBranch/main to Project Build Discarder
Processing BlueOceanJenkinsMultiBranch/newBranch
Offering BlueOceanJenkinsMultiBranch/newBranch to Project Build Discarder
Processing BlueOceanJenkinsMultiBranch/newBranch1
Offering BlueOceanJenkinsMultiBranch/newBranch1 to Project Build Discarder
Finished at Thu Jun 16 13:51:03 IST 2022. 1ms
Started at Thu Jun 16 14:51:03 IST 2022
Processing DescriptivePipelineWithJenkinsFile
Offering DescriptivePipelineWithJenkinsFile to Project Build Discarder
Processing GameOfLifeDeploymentOnTomcat
Offering GameOfLifeDeploymentOnTomcat to Project Build Discarder
Processing GameOfLifeDeploymentPipeline
Offering GameOfLifeDeploymentPipeline to Project Build Discarder
Processing HI_Jenkins
Offering HI_Jenkins to Project Build Discarder
Processing Pipeline
Offering Pipeline to Project Build Discarder
Processing ScriptivePipelineWithJenkinsFile
Offering ScriptivePipelineWithJenkinsFile to Project Build Discarder
Processing TestNgParameterized
Offering TestNgParameterized to Project Build Discarder
Processing TestNGPipeline
Offering TestNGPipeline to Project Build Discarder
Processing TestNGPipelineProfile
Offering TestNGPipelineProfile to Project Build Discarder
Processing TestPipeline
Offering TestPipeline to Project Build Discarder
Processing BlueOceanJenkinsMultiBranch/main
Offering BlueOceanJenkinsMultiBranch/main to Project Build Discarder
Processing BlueOceanJenkinsMultiBranch/newBranch
Offering BlueOceanJenkinsMultiBranch/newBranch to Project Build Discarder
Processing BlueOceanJenkinsMultiBranch/newBranch1
Offering BlueOceanJenkinsMultiBranch/newBranch1 to Project Build Discarder
Finished at Thu Jun 16 14:51:03 IST 2022. 4ms
Started at Thu Jun 16 15:51:03 IST 2022
Processing DescriptivePipelineWithJenkinsFile
Offering DescriptivePipelineWithJenkinsFile to Project Build Discarder
Processing GameOfLifeDeploymentOnTomcat
Offering GameOfLifeDeploymentOnTomcat to Project Build Discarder
Processing GameOfLifeDeploymentPipeline
Offering GameOfLifeDeploymentPipeline to Project Build Discarder
Processing HI_Jenkins
Offering HI_Jenkins to Project Build Discarder
Processing Pipeline
Offering Pipeline to Project Build Discarder
Processing ScriptivePipelineWithJenkinsFile
Offering ScriptivePipelineWithJenkinsFile to Project Build Discarder
Processing TestNgParameterized
Offering TestNgParameterized to Project Build Discarder
Processing TestNGPipeline
Offering TestNGPipeline to Project Build Discarder
Processing TestNGPipelineProfile
Offering TestNGPipelineProfile to Project Build Discarder
Processing TestPipeline
Offering TestPipeline to Project Build Discarder
Processing BlueOceanJenkinsMultiBranch/main
Offering BlueOceanJenkinsMultiBranch/main to Project Build Discarder
Processing BlueOceanJenkinsMultiBranch/newBranch
Offering BlueOceanJenkinsMultiBranch/newBranch to Project Build Discarder
Processing BlueOceanJenkinsMultiBranch/newBranch1
Offering BlueOceanJenkinsMultiBranch/newBranch1 to Project Build Discarder
Finished at Thu Jun 16 15:51:03 IST 2022. 3ms
Started at Thu Jun 16 16:51:03 IST 2022
Processing DescriptivePipelineWithJenkinsFile
Offering DescriptivePipelineWithJenkinsFile to Project Build Discarder
Processing GameOfLifeDeploymentOnTomcat
Offering GameOfLifeDeploymentOnTomcat to Project Build Discarder
Processing GameOfLifeDeploymentPipeline
Offering GameOfLifeDeploymentPipeline to Project Build Discarder
Processing HI_Jenkins
Offering HI_Jenkins to Project Build Discarder
Processing Pipeline
Offering Pipeline to Project Build Discarder
Processing ScriptivePipelineWithJenkinsFile
Offering ScriptivePipelineWithJenkinsFile to Project Build Discarder
Processing TestNgParameterized
Offering TestNgParameterized to Project Build Discarder
Processing TestNGPipeline
Offering TestNGPipeline to Project Build Discarder
Processing TestNGPipelineProfile
Offering TestNGPipelineProfile to Project Build Discarder
Processing TestPipeline
Offering TestPipeline to Project Build Discarder
Processing BlueOceanJenkinsMultiBranch/main
Offering BlueOceanJenkinsMultiBranch/main to Project Build Discarder
Processing BlueOceanJenkinsMultiBranch/newBranch
Offering BlueOceanJenkinsMultiBranch/newBranch to Project Build Discarder
Processing BlueOceanJenkinsMultiBranch/newBranch1
Offering BlueOceanJenkinsMultiBranch/newBranch1 to Project Build Discarder
Finished at Thu Jun 16 16:51:03 IST 2022. 3ms
Started at Thu Jun 16 18:49:05 IST 2022
Processing DescriptivePipelineWithJenkinsFile
Offering DescriptivePipelineWithJenkinsFile to Project Build Discarder
Processing GameOfLifeDeploymentOnTomcat
Offering GameOfLifeDeploymentOnTomcat to Project Build Discarder
Processing GameOfLifeDeploymentPipeline
Offering GameOfLifeDeploymentPipeline to Project Build Discarder
Processing HI_Jenkins
Offering HI_Jenkins to Project Build Discarder
Processing Pipeline
Offering Pipeline to Project Build Discarder
Processing ScriptivePipelineWithJenkinsFile
Offering ScriptivePipelineWithJenkinsFile to Project Build Discarder
Processing TestNgParameterized
Offering TestNgParameterized to Project Build Discarder
Processing TestNGPipeline
Offering TestNGPipeline to Project Build Discarder
Processing TestNGPipelineProfile
Offering TestNGPipelineProfile to Project Build Discarder
Processing TestPipeline
Offering TestPipeline to Project Build Discarder
Processing BlueOceanJenkinsMultiBranch/main
Offering BlueOceanJenkinsMultiBranch/main to Project Build Discarder
Processing BlueOceanJenkinsMultiBranch/newBranch
Offering BlueOceanJenkinsMultiBranch/newBranch to Project Build Discarder
Processing BlueOceanJenkinsMultiBranch/newBranch1
Offering BlueOceanJenkinsMultiBranch/newBranch1 to Project Build Discarder
Finished at Thu Jun 16 18:49:05 IST 2022. 1ms
Started at Thu Jun 16 18:51:03 IST 2022
Processing DescriptivePipelineWithJenkinsFile
Offering DescriptivePipelineWithJenkinsFile to Project Build Discarder
Processing GameOfLifeDeploymentOnTomcat
Offering GameOfLifeDeploymentOnTomcat to Project Build Discarder
Processing GameOfLifeDeploymentPipeline
Offering GameOfLifeDeploymentPipeline to Project Build Discarder
Processing HI_Jenkins
Offering HI_Jenkins to Project Build Discarder
Processing Pipeline
Offering Pipeline to Project Build Discarder
Processing ScriptivePipelineWithJenkinsFile
Offering ScriptivePipelineWithJenkinsFile to Project Build Discarder
Processing TestNgParameterized
Offering TestNgParameterized to Project Build Discarder
Processing TestNGPipeline
Offering TestNGPipeline to Project Build Discarder
Processing TestNGPipelineProfile
Offering TestNGPipelineProfile to Project Build Discarder
Processing TestPipeline
Offering TestPipeline to Project Build Discarder
Processing BlueOceanJenkinsMultiBranch/main
Offering BlueOceanJenkinsMultiBranch/main to Project Build Discarder
Processing BlueOceanJenkinsMultiBranch/newBranch
Offering BlueOceanJenkinsMultiBranch/newBranch to Project Build Discarder
Processing BlueOceanJenkinsMultiBranch/newBranch1
Offering BlueOceanJenkinsMultiBranch/newBranch1 to Project Build Discarder
Finished at Thu Jun 16 18:51:03 IST 2022. 2ms
